20221211	00:58:07	6affee8d-0bdb-4714-af59-6f3569c146c2	GET /text/data.txt
20221211	00:58:11	132db5aa-5c13-4208-b177-b672e0107e2a	GET /text/chain
20221211	00:58:11	2c3e5a51-a204-40cf-9015-dddc956af9f1	GET /text/styles/style.css
20221211	00:58:16	d6381f38-2d3e-4684-8c4c-11c3b4ebdcb3	GET /chain
20221211	00:58:22	ebb4d98a-9767-4b06-9a4f-9a4d42ab72fe	GET /redirect-page.html
20221211	00:58:22	8720eae7-85b4-4403-a0a9-17ac7073e729	GET /images/img1.jpg
20221211	00:58:22	ec75cf21-7141-4c78-b029-f7e5f9898b6f	GET /styles/style.css
20221211	01:03:17	a6550a44-0f05-4461-8cbb-92185d32d57b	GET	undefined	/redirect-page.html
20221211	01:03:17	2b998ba8-da56-443b-81d8-f19fbbd1d8c6	GET	undefined	/styles/style.css
20221211	01:03:17	af74a1c6-984c-4eeb-93c3-fe340e4c0c33	GET	undefined	/images/img1.jpg
20221211	01:04:13	12d43a24-4a2b-4ca7-8f87-6eb470a87458	OPTIONS	https://www.google.co.uk	/
20221211	01:04:13	7715a356-f82d-4892-96d8-e041b236c756	GET	https://www.google.co.uk	/
20221211	01:06:40	f94b17e9-1c91-4f48-ad81-ff1da535efd5	OPTIONS	https://www.google.co.uk	/
20221211	01:06:40	94b85f5e-e2d1-450f-89f1-979b7c54a56c	GET	https://www.google.co.uk	/
20221211	01:12:39	4fc08dfb-280c-49d2-8aca-05ad6a84da68	OPTIONS	https://www.google.co.uk	/
20221211	01:12:39	20f770b2-63e0-48dd-bc60-39b0614711ee	GET	https://www.google.co.uk	/
20221211	01:13:41	234ffc40-2e73-46cc-8c06-bc27549bec1f	OPTIONS	https://www.hibernianfc.co.uk	/
20221211	01:13:41	a582bb72-8b9e-4661-a942-57d4be6246fc	GET	https://www.hibernianfc.co.uk	/
20221211	01:14:07	27681da2-5fac-4ae2-8cc9-bcf701d70671	OPTIONS	https://www.google.co.uk	/
20221211	01:14:07	13133fe3-084c-4ee3-a06b-725bf07d7a3e	GET	https://www.google.co.uk	/
20221211	01:14:24	94133856-b053-4e81-84dc-810170e2b7d3	OPTIONS	https://www.google.co.uk	/
20221211	01:14:24	e87d38dc-6fb3-4e07-bf12-0d7abcbc0f5e	GET	https://www.google.co.uk	/
20221211	01:14:37	bc01eb11-18ba-4af7-b010-3500c39c1ffc	OPTIONS	https://www.google.co.uk	/
20221211	01:14:37	cbb03470-b1b8-4299-bd62-f9b304a3de3e	GET	https://www.google.co.uk	/
20221211	01:17:33	ded1a856-7f62-49bd-8e5d-85d180bfbfab	GET	undefined	/eh
20221211	01:18:06	7d321fd6-ac2a-4f53-b466-5d65f36e0710	GET	undefined	/eh
20221211	01:18:06	5ba86ecc-22cc-4aef-9e2c-11df311c47bb	GET	undefined	/styles/style.css
20221211	01:19:59	b0346ac6-cbdb-4d1d-abe0-f35d0e4c7094	GET	undefined	/eh
20221211	01:19:59	705b8575-d7ab-43bd-a091-bf288c9860aa	GET	undefined	/styles/style.css
20221211	01:23:29	b6a6ab94-3a5f-43cb-afdf-d87614864f84	GET	undefined	/eh
20221211	01:29:39	28f3ffff-e1eb-4cb2-979f-be2022b3d3e9	GET	undefined	/eh
20221211	01:29:39	372bc67c-e43f-472b-a6c6-14cc1a5ba34a	GET	undefined	/styles/style.css
20221211	01:31:29	87d678cb-087d-4920-bc9a-bbf3900157c3	GET	undefined	/eh
20221211	01:31:29	fbf693b6-d300-46cb-897b-11e7b8a47575	GET	undefined	/styles/style.css
20221211	16:11:08	94727b84-70c6-4abd-bb59-68e380b83b00	GET	undefined	/subdir
20221211	16:13:33	f26a6d9f-cc73-4b9f-8d75-a5ce4df43b06	GET	undefined	/subdir/test
20221211	16:13:33	d6f89d4e-2d63-48a6-baac-bc7b92b06c79	GET	undefined	/subdir/styles/style.css
20221211	16:14:02	9db961aa-8ae5-482b-b33c-13d84f4771c0	GET	undefined	/subdir
20221211	16:14:24	e88fb2b9-9073-4434-870d-7b634f2851d2	GET	undefined	/subdir/test.html
20221211	16:14:24	6f65e779-c8e3-4077-a4be-0cdcbac60b76	GET	undefined	/subdir/styles/style.css
20221211	16:14:41	1e3c5291-a6cc-4537-b7ca-72be12cd1fb8	GET	undefined	/subdir/test.html
20221211	16:14:44	03970993-a4a5-4285-8663-ca7d6062f769	GET	undefined	/subdir/test
20221211	16:18:34	19ee455c-04de-4f2e-8a62-c6cd7a4e7d66	GET	undefined	/subdir/tests
20221211	16:18:34	5f1c66ef-be48-4e1d-ba10-d7b84f40b093	GET	undefined	/subdir/styles/style.css
20221211	16:20:35	bdd480a1-1768-4024-9399-dca374337912	GET	undefined	/subdir/tests
20221211	16:20:35	407574d0-7a63-4550-b08f-9f7d485cf36d	GET	undefined	/subdir/styles/style.css
20221211	16:28:59	be50484e-ef99-46a2-8d1d-32ae32cd3764	GET	undefined	/subdir/tests
20221211	16:28:59	958c9827-f9e8-40df-8621-7e19caa8fb36	GET	undefined	/subdir/styles/style.css
20221211	16:29:02	228321e4-0dd6-4d44-bd90-32f5a7b75698	GET	undefined	/subdir/test
20221211	16:29:06	28970abc-bf89-4903-89b1-87ede5074447	GET	undefined	/
20221211	16:29:06	ea5135a5-fc8b-4cfd-b4e5-dbc217819638	GET	undefined	/styles/style.css
20221211	16:30:08	0171ed76-2368-4608-aac9-3dc505838296	GET	undefined	/redirect-page.html
20221211	16:30:08	228b90e7-e695-4b90-8dde-1381f7211dbd	GET	undefined	/styles/style.css
20221211	16:30:26	a1d321e6-f17d-49e7-bf6d-77a2d68b099b	GET	undefined	/redirect-page.html
20221211	16:30:26	5edbece9-655c-4bd9-9d4d-00415af1de7c	GET	undefined	/styles/style.css
20221211	16:32:53	cc35ccf9-0c7d-47b2-b18a-78aad53358c3	GET	undefined	/redirect-page.html
20221211	16:32:53	ffb122a9-2e1f-44d5-9b51-49b8af6110ad	GET	undefined	/styles/style.css
20221211	16:33:00	e4768d0f-c5e2-4b38-b92f-096d5c915e64	GET	undefined	/
20221211	16:33:00	349dad27-4b12-4065-b254-eb5c71480401	GET	undefined	/styles/style.css
20221211	16:33:41	182b19c6-18ab-4acb-ac79-af6b68359781	GET	undefined	/
20221211	16:33:41	fc488ae9-3280-4ff6-aef8-5a528d53d732	GET	undefined	/styles/style.css
20221211	16:33:48	452ed79e-2213-4def-9c67-25f61ef1b799	GET	undefined	/redirect-page.html
20221211	16:33:48	1849bec6-3850-4478-944d-b6025ee8bd1b	GET	undefined	/images/img1.jpg
20221211	16:33:48	b8475967-ddb0-4a4b-a43d-af588077f02f	GET	undefined	/styles/style.css
20221211	20:47:30	66ec9ee2-fd24-4087-92e4-19f83f1bc453	GET	undefined	/employees
20221211	20:47:37	950d87e9-fa5d-4902-b987-d9566d8d59ce	GET	undefined	/employees/2
20221211	20:47:48	c79a8397-9f60-4f73-b9d6-23885948cb2e	DELETE	undefined	/employees/2
20221211	20:48:24	a9e913e8-384a-42cb-a083-9412c2c1eccc	POST	undefined	/employees/
20221211	20:48:59	04133071-c954-4fbe-b2b4-311a3b2ecd63	POST	undefined	/employees/
20221211	20:49:39	6d5dd239-56fd-491e-bafc-954e34931433	DELETE	undefined	/employees/2
20221211	20:50:14	172e1831-e398-4975-960f-b06c5ceabcde	DELETE	undefined	/employees/2
20221211	20:50:47	31de7bbd-ab12-4127-9f92-b8d9db7332cc	DELETE	undefined	/employees/2
20221211	20:51:15	70eb458b-7d00-418e-9b0b-ee56a424901d	DELETE	undefined	/employees/2
20221211	21:23:32	82595d59-ca63-49eb-955f-369a7252d858	DELETE	undefined	/employees/2
20221211	21:24:25	20db4db3-5099-4432-90c9-e0ae15184513	DELETE	undefined	/employees/2
20221211	21:26:21	0a92b2da-c845-4f62-a39b-86d71d373b31	DELETE	undefined	/employees/2
20221211	21:27:48	2526bee0-1bb1-4100-b96c-cfefe69fbcbd	DELETE	undefined	/employees/
20221211	21:28:22	fc131bc2-c705-44bb-a9c5-3b3174c8f2b2	DELETE	undefined	/employees/
20221211	21:30:59	de071e16-26df-4fcf-bb41-3d6fa1f272c0	DELETE	undefined	/employees/
20221211	21:31:31	3610f310-df34-4f76-87aa-b4b85169bc66	GET	undefined	/employees/
20221211	21:31:34	4e818e66-2c1e-4cf9-b86c-43a0789b9c4d	DELETE	undefined	/employees/
20221211	21:31:53	324cf5ae-e04a-4d71-8ae8-c6742aaf36c7	DELETE	undefined	/employees/
20221211	21:41:00	0293a1a1-e156-43fc-a065-dac00f29323a	POST	undefined	/employees/
20221211	21:41:28	d58b98ff-c844-4c1e-9340-63513b4f5534	PUT	undefined	/employees/
20221211	22:16:45	12e3379a-d88f-45d5-8ac4-684c55b43e17	POST	undefined	/employees/
20221211	22:17:04	0ae58b0c-8b4f-490a-968a-02c72dab3959	POST	undefined	/register/
20221211	22:19:56	b66c3d37-6a0b-4096-815a-4942b909e116	POST	undefined	/register/
20221211	22:23:23	ffad81b6-bad8-48bc-a8d0-2e1ef623402b	POST	undefined	/register/
20221211	22:23:47	a9eec2cc-eba0-4d42-a04a-8b13a98f60ac	POST	undefined	/register/
20221211	22:49:51	c1247f06-ac32-4ea1-91ec-f63351dd2ff0	POST	undefined	/register/
20221211	22:50:08	65a464e8-2c44-46ff-8b6e-804829781f93	POST	undefined	/auth/
20221212	15:41:04	a56d18c3-600d-481a-a79f-71b4c1898a7f	POST	undefined	/auth/
20221212	15:44:11	223e8e65-010c-4e04-9fc3-6e1e9cb735e7	GET	undefined	/employees/
20221212	15:44:14	dccf3003-cd53-42bd-aa1b-7b5f3f647aea	POST	undefined	/auth/
20221212	15:44:17	7c5ff9ae-794e-424a-b1a1-d698e811cdcc	GET	undefined	/employees/
20221212	15:45:04	598a0642-179a-4f15-a70d-a1f8d91f1a0f	GET	undefined	/employees/
20221212	15:45:09	a43b9d43-a21d-4a25-a337-adb94050a901	POST	undefined	/auth/
20221212	15:45:18	3b0c2df4-3c90-4501-93d4-17cbb234fa31	GET	undefined	/employees/
20221212	15:47:27	75ab0003-aa49-4686-9834-5aa6d11ef58e	POST	undefined	/auth/
20221212	15:47:59	721bf8ad-a534-468e-a4a4-85f91793a196	GET	undefined	/employees/
20221212	15:48:14	9544a7a1-0f9f-4d10-8ae0-89c12a2bbd4a	GET	undefined	/employees/
20221212	15:50:44	2481072d-1ba2-4d72-a60f-a1b43c68b5b5	GET	undefined	/employees/
20221212	15:50:49	15ae2ef4-aa75-4925-a55f-608f24787412	POST	undefined	/auth/
20221212	15:51:02	0b3d0520-7d34-4821-8f22-6e839b6809bc	GET	undefined	/employees/
20221212	15:52:28	271e0240-6f3e-415a-82c7-6814a39af687	GET	undefined	/employees/
20221212	15:52:48	ff8f5457-9e39-43e9-bcd8-75fb347c4f68	POST	undefined	/auth/
20221212	15:53:01	1f11b504-253b-429f-bacc-cc0a1cc7667b	GET	undefined	/employees/
20221212	15:54:04	b6aa4251-1838-409c-8b44-0f129dc17fdd	GET	undefined	/employees/
20221212	15:57:20	6606fee6-d291-472d-a393-bcf17e5bab15	POST	undefined	/auth/
20221212	15:57:28	c96000cd-4429-4826-ac0d-24f3692e3680	GET	undefined	/employees/
20221212	15:57:50	bcadf388-8e4b-4e68-9865-5c3a1f09554e	DELETE	undefined	/employees/
20221212	15:59:04	9bfdb332-3526-4c64-8842-236c38a8b2bf	DELETE	undefined	/employees/
20221212	15:59:17	2fc4fd91-746a-49e1-a672-c66b0020902a	GET	undefined	/employees/
20221212	16:00:16	fd10b153-a239-4a84-bafd-868316956909	POST	undefined	/auth/
20221212	16:00:30	1e8a5cec-5f89-4978-8b01-f9bfb090c178	GET	undefined	/employees/
20221212	16:00:48	61034762-0440-4e4d-8b82-c55d5957123c	DELETE	undefined	/employees/
20221212	16:02:03	c604d4d2-5839-4e6a-bb0a-94bdd2f7fcbc	DELETE	undefined	/employees/
20221212	16:22:37	7d3dce16-67d8-4074-b312-43481c0d28a6	POST	undefined	/auth/
20221212	16:22:57	46c68e5a-38c4-4c4d-ae8b-4bd1ccf2ab50	GET	undefined	/employees/
20221212	16:23:36	5f598c9f-0b39-4adf-a06a-71580583915d	GET	undefined	/refresh/
20221212	16:26:18	c8a62185-36ba-484a-a0d3-9c36895dacdf	GET	undefined	/refresh/
20221212	16:26:24	70c3f757-ae37-4dcb-9542-2664e8ee81ba	POST	undefined	/auth/
20221212	16:27:06	eb02ccbb-24c1-4775-b53d-32ce079602fc	GET	undefined	/refresh/
20221212	16:28:07	bb0d5854-2acd-48dc-aef1-f051fa6f51df	GET	undefined	/refresh/
20221212	16:28:12	2fc74be1-9c71-4e1d-ad49-76f547e4d992	POST	undefined	/auth/
20221212	16:28:42	b831a7e8-6ec8-480f-9744-3d0c6d4a4083	GET	undefined	/refresh/
20221212	16:36:50	5c930580-79ad-49fd-a17e-c78c4cd155f5	GET	undefined	/refresh/
20221212	16:37:06	fec7c992-b14d-4523-a7e2-4998f60507ac	POST	undefined	/auth/
20221212	16:37:39	524d0945-6376-4c02-b1d0-74950e9f490c	GET	undefined	/refresh/
20221212	16:38:47	09de8326-96c9-4e0c-89fb-1e6cfdeafde3	POST	undefined	/auth/
20221212	16:39:05	3edab0b3-6c79-409f-8f93-4b6f5937874a	GET	undefined	/refresh/
20221212	16:39:17	3fd88532-9dc2-4dab-a23e-63f826b449d6	GET	undefined	/refresh/
20221212	16:49:51	f52f919d-8085-4ada-90da-6415a7b19d7f	POST	undefined	/auth/
20221212	16:50:19	f193fe1c-264c-4901-b199-f8be907afaef	GET	undefined	/employees/
20221212	16:51:00	bb84a8e7-58ce-4611-9068-1001f041268d	GET	undefined	/refresh/
20221212	16:51:04	cca55df7-78be-40b0-b20f-ab266755a553	GET	undefined	/employees/
20221212	16:51:12	5bb63afb-1d08-43bb-a4b4-0ab5fc4960e5	GET	undefined	/employees/
20221212	16:53:39	eba425ba-5cff-44db-88b0-18ba24336390	GET	undefined	/styles/style.css
20221212	16:53:39	2944c383-aa1c-4d0a-9a83-e47d57b81848	GET	undefined	/images/img1.jpg
20221212	16:53:39	b76dabfe-4289-47a9-9465-9585e0c3183c	GET	undefined	/favicon.ico
20221212	16:59:05	c01fba2d-035c-4916-9290-1b4b7f9413ec	POST	undefined	/auth/
20221212	16:59:24	3c61fbcb-8274-4d3b-8b0b-abafa6a30b46	GET	undefined	/employees/
20221212	16:59:42	6dee97a1-72b7-4070-b0e6-3d6e689a1ed2	GET	undefined	/refresh/
20221212	17:00:16	806a26d5-3c85-4ebe-9d8d-e0a692d558ee	GET	undefined	/employees/
20221212	17:00:27	33ac85ad-a2fe-4cbd-9b27-149430ee7ddb	GET	undefined	/employees/
20221212	17:01:10	19b1dd87-eb23-42ff-9f73-79be9d6db541	GET	undefined	/refresh/
20221212	17:02:02	23a60eff-73c6-4f70-858f-3ded19e9b3a0	POST	undefined	/auth/
20221212	17:02:13	c9bd959c-8265-4a3d-9a71-04e861e83600	GET	undefined	/employees/
20221212	17:03:16	e06d09ce-d0dd-4c3f-8a13-130b959a6670	GET	undefined	/refresh/
20221212	17:03:28	1e3d0f9d-ac45-4d4f-9426-76ee0d8a44b5	GET	undefined	/employees/
20221212	17:18:01	5fbb7ee1-bd3d-4483-aef6-1f296214a8da	POST	undefined	/auth/
20221212	17:18:10	53b74a46-ebbb-46d6-9a23-7fc52b2488ad	GET	undefined	/employees/
20221212	17:18:31	649ec294-a7d9-4334-ac32-42acd923b19e	GET	undefined	/logout/
20221212	17:18:36	ce30ac5e-46f3-4744-aeba-23961f6281ef	GET	undefined	/employees/
20221212	17:19:13	aa4c97ad-da90-409b-8e09-1079d89d49cb	GET	undefined	/employees/
20221212	17:19:21	00cda4da-53a3-4940-8556-aac65894b865	POST	undefined	/auth/
20221212	17:19:30	89fd1da0-4286-4290-8406-b837d8bee445	GET	undefined	/employees/
20221212	17:19:38	31f16141-db79-4a86-afc9-fe7c56d7f69a	GET	undefined	/logout/
20221212	17:19:44	2f4a0b5f-1500-4007-9dd2-93eab8a94b67	GET	undefined	/employees/
20221212	17:19:46	47f95393-4907-456a-9292-3f747ee81457	GET	undefined	/employees/
20221212	17:19:53	e20a4f64-ca32-42fc-ae96-7382b542096c	GET	undefined	/logout/
20221212	17:19:55	83d49f31-a63f-4c17-9cf4-b8e7aa8e5e2d	GET	undefined	/employees/
20221212	17:20:29	0696146f-aa04-4fd1-8a3f-28f9bb004206	GET	undefined	/employees/
20221212	17:20:33	3935bc5e-ac3c-4f26-b517-1f20114f5078	POST	undefined	/auth/
20221212	17:20:42	9a4c41f9-99df-4ca0-b3ce-0148e2d8bfc8	GET	undefined	/employees/
20221212	17:20:48	c10afa5f-baf2-42ed-bd4a-ab2a06a70fd7	GET	undefined	/logout/
20221212	17:20:58	5b05c7c9-1f75-4cd2-ad42-1fbf230c012e	GET	undefined	/employees/
20221212	17:21:20	d5f19425-ae44-49b1-a032-961ad48cc25c	GET	undefined	/employees/
20221212	17:21:26	7981bccf-dfa6-4312-8d73-11abf7327fb7	GET	undefined	/employees/
20221212	22:37:11	37ec51b9-dfc6-4275-8104-1fffd82bc9b3	POST	undefined	/auth/
20221212	22:37:46	9b9963ac-c90b-455d-8f03-1b47deb69240	POST	undefined	/auth/
20221212	22:38:19	6f2612ee-7290-4af9-b16b-c3c63f42f5d9	POST	undefined	/auth/
20221212	22:38:48	0b06d903-7aab-4c11-a73b-c9da640ac5c5	GET	undefined	/employees/
20221212	22:39:22	a0317331-92aa-424d-a411-f82323be9bd2	POST	undefined	/employees/
20221212	22:39:25	1b07a2b7-27a1-47bb-9b67-1dd7c8b6fe7b	GET	undefined	/employees/
20221212	22:39:29	e9f36246-d71c-4926-9220-40b1b871eeb8	POST	undefined	/auth/
20221212	22:39:38	55b6882e-bcda-40b5-b51a-d3d4879202e5	GET	undefined	/employees/
20221212	22:39:46	245a8bcd-cee1-4291-9552-488fb6a699b1	POST	undefined	/employees/
20221212	22:39:49	3cb51b4a-6ed9-4e5a-839b-afd2f38b8b37	GET	undefined	/employees/
20221212	22:43:49	40d28dbc-a2fc-4af3-9700-ced0cf66e178	POST	undefined	/auth/
20221212	22:43:57	2cba355d-299f-44e3-aeb4-e384bf45fa5d	GET	undefined	/employees/
20221212	22:44:12	04e80ef1-3c34-4979-912e-238fa72eb011	POST	undefined	/employees/
20221212	22:45:37	dec5287b-ff6e-47d1-bc7d-4b6702eaf536	POST	undefined	/auth/
20221212	22:45:45	b23f8498-7d83-4bf3-b886-510f0c7f95a5	GET	undefined	/employees/
20221212	22:46:06	e8e0457c-cae6-4eca-8899-5a24f8158525	POST	undefined	/employees/
20221212	22:46:24	8addf86b-f5e4-43e1-95b7-8e7001cf0671	DELETE	undefined	/employees/
20221212	22:46:30	0fadb990-1c2c-4ef7-a95f-6c4f1553002c	GET	undefined	/employees/
20221212	22:49:59	e236ed53-2eb5-4d30-a538-07bd1a61409c	POST	undefined	/auth/
20221212	22:50:06	c2e78165-bda8-4f05-a9b9-21fc42d2af68	GET	undefined	/refresh/
20221213	11:03:04	2ee4d059-4b92-4aa7-a401-3cce1e272923	POST	undefined	/register/
20221213	11:18:56	c093b3ca-d27f-4076-8675-2f6706ffb0db	POST	undefined	/auth/
20221213	11:20:11	d0930362-884d-4019-b638-0a251bca5ca7	POST	undefined	/register/
20221213	11:20:57	bc3a5b35-1154-4a9d-83bb-4a955048d794	POST	undefined	/auth/
20221213	11:23:00	7c8bb89b-cfe7-464a-b86c-94944fe10507	POST	undefined	/register/
20221213	11:23:05	27529c1c-abd9-46ac-a1de-84b090b7a090	POST	undefined	/auth/
20221213	11:26:34	76c3faa4-ae7d-48ee-b017-03eaeacbb54b	POST	undefined	/register/
20221213	11:26:48	18ae5706-9b56-41a8-ba0a-a6347423cb8d	POST	undefined	/auth/
20221213	11:45:12	08f3b600-36c4-4b01-b5ab-bee7983cb4ea	POST	undefined	/register/
20221213	11:45:17	aefaf1b1-f7d6-4514-a117-206d018bb45c	POST	undefined	/auth/
20221213	11:45:41	fabb8e2b-4d56-4dc9-ba03-d0bcc7100dcd	POST	undefined	/auth/
20221213	11:45:52	e3579a8e-9012-4243-9be5-c41107ceb080	POST	undefined	/auth/
20221213	11:46:12	c0e99abf-2652-468d-b84b-ff0db3582a2f	POST	undefined	/auth/
20221213	11:46:55	40f0008a-e9d7-4830-b94c-a64407fd9e58	POST	undefined	/auth/
20221213	11:47:49	ba1f203c-a8d6-4bb3-82de-7fc441b077b2	GET	undefined	/logout/
20221213	11:48:11	e6b5f04c-6715-414b-9302-6744479d0ea0	GET	undefined	/logout/
20221213	11:48:17	e5b161b0-86cc-40db-882c-e81395838c1a	POST	undefined	/auth/
20221213	11:48:20	d0065f01-5888-4345-b35e-d2e9a9123cb5	GET	undefined	/logout/
20221213	11:48:42	47e064d1-7864-4230-b521-9ccfe8c73d70	GET	undefined	/logout/
20221213	11:49:09	e99ebd26-16f9-4588-95e0-76b8a0073b36	POST	undefined	/auth/
20221213	11:49:14	b2242048-c4dd-4d71-b313-30e9f3d90f89	GET	undefined	/refresh/
20221213	11:49:37	9eac242c-ff85-49ee-8501-72c68604d149	GET	undefined	/refresh/
20221213	11:49:51	075a5f6f-263b-445b-ac1c-c3f7c33e3e47	GET	undefined	/refresh/
20221213	11:52:10	1651e8be-0b1a-47bd-8cc3-c5c52437ba08	POST	undefined	/register/
20221213	11:52:17	5e9d5c5d-bb44-4f36-b435-acbbfbb87c1f	POST	undefined	/register/
20221213	11:52:50	8b2a6562-6e6d-4128-84f6-ccac8b9cab37	POST	undefined	/auth/
20221213	11:53:03	045509d7-11ec-45de-9b60-0ea8a0d47df6	POST	undefined	/auth/
20221213	11:53:13	738268d8-627f-439b-9e8f-538a6732ed8c	POST	undefined	/auth/
20221213	11:53:32	30eaa0f1-408e-4be8-8601-c77218396b50	GET	undefined	/logout/
20221213	11:53:43	90b4cddc-b6fc-4134-a8d6-c6e6470398ed	POST	undefined	/auth/
20221213	11:53:45	a1db14c9-522a-48b0-ab06-b1379f49eed3	GET	undefined	/logout/
20221213	11:54:03	d1267174-def7-447f-9797-f3d1a3da6524	POST	undefined	/auth/
20221213	11:54:06	9065a90c-3829-455e-b4b2-e1c76a02bf58	GET	undefined	/refresh/
20221213	11:54:11	7c76ed10-6664-48f5-9596-f2dc3e409d2a	GET	undefined	/logout/
20221213	13:59:28	b823d481-6ec3-498c-bba0-ae9d6b3a41ff	POST	undefined	/auth/
20221213	13:59:42	b8ae7bfb-ec68-42cb-902b-00883c185012	GET	undefined	/employees/
20221213	14:00:08	aa9413ec-0fec-4b67-bf6e-0b9d027e5edc	POST	undefined	/employees/
20221213	14:00:11	bcb11e62-11be-4e24-8a64-7ee661ab5a38	GET	undefined	/employees/
20221213	14:00:17	bc629d2b-e057-4d19-b1ed-3f86a0431d14	POST	undefined	/employees/
20221213	14:00:24	a133ce3a-c23f-44fe-8143-4f8e39bd03bf	POST	undefined	/employees/
20221213	14:00:29	453aa75e-aa76-45ee-811c-76622d634d02	POST	undefined	/employees/
20221213	14:00:31	3fed7863-f196-4a57-bf2b-656ee2fa11f9	GET	undefined	/employees/
20221213	14:00:38	861a2962-7050-448c-91b9-8da6071fc106	POST	undefined	/auth/
20221213	14:00:47	79a3ae67-4465-4293-af6b-8c09fae21ae7	GET	undefined	/employees/
20221213	14:00:53	9a78d0d2-6030-41ad-9dee-b77c09c04e0b	GET	undefined	/logout/
20221213	14:00:56	c10996bf-a4eb-440d-a933-e8b845cdbcbc	GET	undefined	/employees/
20221213	14:01:03	16124fbf-e0c7-4b17-bd56-b52d0a71626c	GET	undefined	/refresh/
20221213	14:01:06	23a4ee28-b3e9-4acf-8dce-d5ffaefb9df3	GET	undefined	/employees/
